May-09 13:36:24.106 [main] DEBUG nextflow.cli.Launcher - $> nextflow run main.nf -params-file params.yaml -c nextflow.config -profile docker
May-09 13:36:24.259 [main] INFO  nextflow.cli.CmdRun - N E X T F L O W  ~  version 20.10.0
May-09 13:36:24.276 [main] INFO  nextflow.cli.CmdRun - Launching `main.nf` [reverent_minsky] - revision: 3ae36c0fca
May-09 13:36:24.317 [main] DEBUG nextflow.config.ConfigBuilder - Found config local: /prism_data3/share/gmslwkg/tower_test/nextflow.config
May-09 13:36:24.322 [main] DEBUG nextflow.config.ConfigBuilder - User config file: /prism_data3/share/gmslwkg/tower_test/nextflow.config
May-09 13:36:24.322 [main] DEBUG nextflow.config.ConfigBuilder - Parsing config file: /prism_data3/share/gmslwkg/tower_test/nextflow.config
May-09 13:36:24.322 [main] DEBUG nextflow.config.ConfigBuilder - Parsing config file: /prism_data3/share/gmslwkg/tower_test/nextflow.config
May-09 13:36:24.352 [main] DEBUG nextflow.config.ConfigBuilder - Applying config profile: `docker`
May-09 13:36:25.294 [main] DEBUG nextflow.config.ConfigBuilder - Applying config profile: `docker`
May-09 13:36:25.307 [main] DEBUG nextflow.config.ConfigBuilder - Available config profiles: [docker]
May-09 13:36:25.448 [main] DEBUG nextflow.Session - Session uuid: 7ddd948e-c24d-47a3-ae76-d9e169111621
May-09 13:36:25.448 [main] DEBUG nextflow.Session - Run name: reverent_minsky
May-09 13:36:25.449 [main] DEBUG nextflow.Session - Executor pool size: 40
May-09 13:36:25.464 [main] DEBUG nextflow.cli.CmdRun - 
  Version: 20.10.0 build 5430
  Created: 01-11-2020 15:14 UTC (23:14 SGST)
  System: Linux 3.10.0-862.14.4.el7.x86_64
  Runtime: Groovy 3.0.5 on OpenJDK 64-Bit Server VM 1.8.0_242-b08
  Encoding: UTF-8 (UTF-8)
  Process: 135477@head-node.prism.local [10.10.250.100]
  CPUs: 40 - Mem: 125.6 GB (666.8 MB) - Swap: 50.8 GB (43.6 GB)
May-09 13:36:25.498 [main] DEBUG nextflow.Session - Work-dir: /prism_data3/share/gmslwkg/tower_test/work [nfs]
May-09 13:36:25.499 [main] DEBUG nextflow.Session - Script base path does not exist or is not a directory: /prism_data3/share/gmslwkg/tower_test/bin
May-09 13:36:25.570 [main] DEBUG nextflow.Session - Observer factory: TowerFactory
May-09 13:36:25.572 [main] DEBUG nextflow.Session - Observer factory: DefaultObserverFactory
May-09 13:36:25.746 [main] DEBUG nextflow.Session - Session start invoked
May-09 13:36:26.159 [main] DEBUG nextflow.script.ScriptRunner - > Launching execution
May-09 13:36:26.171 [main] DEBUG nextflow.Session - Workflow process names [dsl1]: sayHello
May-09 13:36:26.277 [main] DEBUG nextflow.executor.ExecutorFactory - << taskConfig executor: null
May-09 13:36:26.277 [main] DEBUG nextflow.executor.ExecutorFactory - >> processorType: 'local'
May-09 13:36:26.283 [main] DEBUG nextflow.executor.Executor - [warm up] executor > local
May-09 13:36:26.290 [main] DEBUG n.processor.LocalPollingMonitor - Creating local task monitor for executor 'local' > cpus=40; memory=125.6 GB; capacity=40; pollInterval=100ms; dumpInterval=5m
May-09 13:36:26.384 [main] DEBUG nextflow.script.ScriptRunner - > Await termination 
May-09 13:36:26.384 [main] DEBUG nextflow.Session - Session await
May-09 13:36:26.618 [Task submitter] DEBUG nextflow.executor.LocalTaskHandler - Launch cmd line: /bin/bash -ue .command.run
May-09 13:36:26.623 [Task submitter] INFO  nextflow.Session - [26/82a12c] Submitted process > sayHello (3)
May-09 13:36:26.637 [Task submitter] DEBUG nextflow.executor.LocalTaskHandler - Launch cmd line: /bin/bash -ue .command.run
May-09 13:36:26.637 [Task submitter] INFO  nextflow.Session - [55/622004] Submitted process > sayHello (1)
May-09 13:36:26.653 [Task submitter] DEBUG nextflow.executor.LocalTaskHandler - Launch cmd line: /bin/bash -ue .command.run
May-09 13:36:26.653 [Task submitter] INFO  nextflow.Session - [f5/de1147] Submitted process > sayHello (4)
May-09 13:36:26.665 [Task submitter] DEBUG nextflow.executor.LocalTaskHandler - Launch cmd line: /bin/bash -ue .command.run
May-09 13:36:26.666 [Task submitter] INFO  nextflow.Session - [0c/a3bf27] Submitted process > sayHello (2)
May-09 13:41:26.437 [Task monitor] DEBUG n.processor.TaskPollingMonitor - !! executor local > tasks to be completed: 4 -- submitted tasks are shown below
~> TaskHandler[id: 3; name: sayHello (3); status: RUNNING; exit: -; error: -; workDir: /prism_data3/share/gmslwkg/tower_test/work/26/82a12c23f638a7159081b14c81036e]
~> TaskHandler[id: 2; name: sayHello (1); status: RUNNING; exit: -; error: -; workDir: /prism_data3/share/gmslwkg/tower_test/work/55/622004e8f0d684b08509289f43417e]
~> TaskHandler[id: 4; name: sayHello (4); status: RUNNING; exit: -; error: -; workDir: /prism_data3/share/gmslwkg/tower_test/work/f5/de1147f8ee051079b7db652975b028]
~> TaskHandler[id: 1; name: sayHello (2); status: RUNNING; exit: -; error: -; workDir: /prism_data3/share/gmslwkg/tower_test/work/0c/a3bf27d26df49f832cb810b8868b00]
May-09 13:46:26.522 [Task monitor] DEBUG n.processor.TaskPollingMonitor - !! executor local > tasks to be completed: 4 -- submitted tasks are shown below
~> TaskHandler[id: 3; name: sayHello (3); status: RUNNING; exit: -; error: -; workDir: /prism_data3/share/gmslwkg/tower_test/work/26/82a12c23f638a7159081b14c81036e]
~> TaskHandler[id: 2; name: sayHello (1); status: RUNNING; exit: -; error: -; workDir: /prism_data3/share/gmslwkg/tower_test/work/55/622004e8f0d684b08509289f43417e]
~> TaskHandler[id: 4; name: sayHello (4); status: RUNNING; exit: -; error: -; workDir: /prism_data3/share/gmslwkg/tower_test/work/f5/de1147f8ee051079b7db652975b028]
~> TaskHandler[id: 1; name: sayHello (2); status: RUNNING; exit: -; error: -; workDir: /prism_data3/share/gmslwkg/tower_test/work/0c/a3bf27d26df49f832cb810b8868b00]
May-09 13:51:26.591 [Task monitor] DEBUG n.processor.TaskPollingMonitor - !! executor local > tasks to be completed: 4 -- submitted tasks are shown below
~> TaskHandler[id: 3; name: sayHello (3); status: RUNNING; exit: -; error: -; workDir: /prism_data3/share/gmslwkg/tower_test/work/26/82a12c23f638a7159081b14c81036e]
~> TaskHandler[id: 2; name: sayHello (1); status: RUNNING; exit: -; error: -; workDir: /prism_data3/share/gmslwkg/tower_test/work/55/622004e8f0d684b08509289f43417e]
~> TaskHandler[id: 4; name: sayHello (4); status: RUNNING; exit: -; error: -; workDir: /prism_data3/share/gmslwkg/tower_test/work/f5/de1147f8ee051079b7db652975b028]
~> TaskHandler[id: 1; name: sayHello (2); status: RUNNING; exit: -; error: -; workDir: /prism_data3/share/gmslwkg/tower_test/work/0c/a3bf27d26df49f832cb810b8868b00]
May-09 13:56:26.647 [Task monitor] DEBUG n.processor.TaskPollingMonitor - !! executor local > tasks to be completed: 4 -- submitted tasks are shown below
~> TaskHandler[id: 3; name: sayHello (3); status: RUNNING; exit: -; error: -; workDir: /prism_data3/share/gmslwkg/tower_test/work/26/82a12c23f638a7159081b14c81036e]
~> TaskHandler[id: 2; name: sayHello (1); status: RUNNING; exit: -; error: -; workDir: /prism_data3/share/gmslwkg/tower_test/work/55/622004e8f0d684b08509289f43417e]
~> TaskHandler[id: 4; name: sayHello (4); status: RUNNING; exit: -; error: -; workDir: /prism_data3/share/gmslwkg/tower_test/work/f5/de1147f8ee051079b7db652975b028]
~> TaskHandler[id: 1; name: sayHello (2); status: RUNNING; exit: -; error: -; workDir: /prism_data3/share/gmslwkg/tower_test/work/0c/a3bf27d26df49f832cb810b8868b00]
May-09 14:01:26.704 [Task monitor] DEBUG n.processor.TaskPollingMonitor - !! executor local > tasks to be completed: 4 -- submitted tasks are shown below
~> TaskHandler[id: 3; name: sayHello (3); status: RUNNING; exit: -; error: -; workDir: /prism_data3/share/gmslwkg/tower_test/work/26/82a12c23f638a7159081b14c81036e]
~> TaskHandler[id: 2; name: sayHello (1); status: RUNNING; exit: -; error: -; workDir: /prism_data3/share/gmslwkg/tower_test/work/55/622004e8f0d684b08509289f43417e]
~> TaskHandler[id: 4; name: sayHello (4); status: RUNNING; exit: -; error: -; workDir: /prism_data3/share/gmslwkg/tower_test/work/f5/de1147f8ee051079b7db652975b028]
~> TaskHandler[id: 1; name: sayHello (2); status: RUNNING; exit: -; error: -; workDir: /prism_data3/share/gmslwkg/tower_test/work/0c/a3bf27d26df49f832cb810b8868b00]
May-09 14:05:21.054 [SIGINT handler] DEBUG nextflow.Session - Session aborted -- Cause: SIGINT
May-09 14:05:21.227 [main] DEBUG nextflow.Session - Session await > all process finished
May-09 14:05:21.228 [main] DEBUG nextflow.Session - Session await > all barriers passed
May-09 14:05:21.248 [main] WARN  n.processor.TaskPollingMonitor - Killing pending tasks (4)
May-09 14:05:21.274 [main] DEBUG nextflow.trace.WorkflowStatsObserver - Workflow completed > WorkflowStats[succeededCount=0; failedCount=0; ignoredCount=0; cachedCount=0; pendingCount=0; submittedCount=0; runningCount=0; retriesCount=0; abortedCount=4; succeedDuration=0ms; failedDuration=0ms; cachedDuration=0ms;loadCpus=0; loadMemory=0; peakRunning=4; peakCpus=4; peakMemory=0; ]
May-09 14:05:21.365 [main] DEBUG nextflow.CacheDB - Closing CacheDB done
May-09 14:05:21.386 [main] DEBUG nextflow.script.ScriptRunner - > Execution complete -- Goodbye
